LumaCEG Started, Patching...

Hook1 --> MH_OK --> MH_OK
Hook2 --> MH_OK --> MH_OK
Hook3 --> MH_OK --> MH_OK
Hook4 --> MH_OK --> MH_OK
Hook5 --> MH_OK --> MH_OK
Hook6 --> MH_OK --> MH_OK
Hook7 --> MH_OK --> MH_OK
Hook8 --> MH_OK --> MH_OK
Hook9 --> MH_OK --> MH_OK
Hook10 --> MH_OK --> MH_OK
Hook11 --> MH_OK --> MH_OK
Hook12 --> MH_OK --> MH_OK
Hook13 --> MH_OK --> MH_OK
Hook14 --> MH_OK --> MH_OK
Hook15 --> MH_OK --> MH_OK
Hook16 --> MH_OK --> MH_OK
Hook17 --> MH_OK --> MH_OK
Hook18 --> MH_OK --> MH_OK

LumaCEG_SystemFunction036 --> CEG Check
LumaCEG_CreateEventA --> CEG --> STEAM_START_ACK_EVENT_16488_37795170
LumaCEG_CreateEventA --> CEG --> STEAM_TERM_EVENT_16488_37795170
LumaCEG_CloseHandle --> CEG
LumaCEG Started, Patching...

Hook1 --> MH_OK --> MH_OK
Hook2 --> MH_OK --> MH_OK
Hook3 --> MH_OK --> MH_OK
Hook4 --> MH_OK --> MH_OK
Hook5 --> MH_OK --> MH_OK
Hook6 --> MH_OK --> MH_OK
Hook7 --> MH_OK --> MH_OK
Hook8 --> MH_OK --> MH_OK
Hook9 --> MH_OK --> MH_OK
Hook10 --> MH_OK --> MH_OK
Hook11 --> MH_OK --> MH_OK
Hook12 --> MH_OK --> MH_OK
Hook13 --> MH_OK --> MH_OK
Hook14 --> MH_OK --> MH_OK
Hook15 --> MH_OK --> MH_OK
Hook16 --> MH_OK --> MH_OK
Hook17 --> MH_OK --> MH_OK
Hook18 --> MH_OK --> MH_OK

LumaCEG_SystemFunction036 --> CEG Check
LumaCEG_CreateEventA --> CEG --> STEAM_START_ACK_EVENT_6576_37795170
LumaCEG_CreateEventA --> CEG --> STEAM_TERM_EVENT_6576_37795170
LumaCEG_CloseHandle --> CEG
